<?xml version="1.0" encoding="UTF-8"?>
<testng-results ignored="0" total="2" passed="2" failed="0" skipped="0">
  <reporter-output>
  </reporter-output>
  <suite started-at="2021-11-25T17:41:25 EET" name="Default suite" finished-at="2021-11-25T17:41:39 EET" duration-ms="14072">
    <groups>
      <group name="cucumber">
        <method signature="AbstractTestNGCucumberTests.runScenario(io.cucumber.testng.PickleWrapper,io.cucumber.testng.FeatureWrapper)[pri:0, instance:runner.testrunner@52bf72b5]" name="runScenario" class="io.cucumber.testng.AbstractTestNGCucumberTests"/>
      </group> <!-- cucumber -->
    </groups>
    <test started-at="2021-11-25T17:41:25 EET" name="Default test" finished-at="2021-11-25T17:41:39 EET" duration-ms="14072">
      <class name="runner.testrunner">
        <test-method is-config="true" signature="startdriver()[pri:0, instance:runner.testrunner@52bf72b5]" started-at="2021-11-25T17:41:25 EET" name="startdriver" finished-at="2021-11-25T17:41:28 EET" duration-ms="3128" status="PASS">
          <reporter-output>
          </reporter-output>
        </test-method> <!-- startdriver -->
        <test-method is-config="true" signature="setUpClass(org.testng.ITestContext)[pri:0, instance:runner.testrunner@52bf72b5]" started-at="2021-11-25T17:41:28 EET" name="setUpClass" finished-at="2021-11-25T17:41:29 EET" duration-ms="436" status="PASS">
          <params>
            <param index="0">
              <value>
                <![CDATA[org.testng.TestRunner@4ba02375]]>
              </value>
            </param>
          </params>
          <reporter-output>
          </reporter-output>
        </test-method> <!-- setUpClass -->
        <test-method signature="runScenario(io.cucumber.testng.PickleWrapper,io.cucumber.testng.FeatureWrapper)[pri:0, instance:runner.testrunner@52bf72b5]" started-at="2021-11-25T17:41:29 EET" name="runScenario" description="Runs Cucumber Scenarios" data-provider="scenarios" finished-at="2021-11-25T17:41:36 EET" duration-ms="7189" status="PASS">
          <params>
            <param index="0">
              <value>
                <![CDATA["User Registration"]]>
              </value>
            </param>
            <param index="1">
              <value>
                <![CDATA["Optional[User Registration]"]]>
              </value>
            </param>
          </params>
          <reporter-output>
          </reporter-output>
        </test-method> <!-- runScenario -->
        <test-method is-config="true" signature="takescreeenshotonfailure(org.testng.ITestResult)[pri:0, instance:runner.testrunner@52bf72b5]" started-at="2021-11-25T17:41:36 EET" name="takescreeenshotonfailure" finished-at="2021-11-25T17:41:36 EET" duration-ms="0" status="PASS">
          <params>
            <param index="0">
              <value>
                <![CDATA[[TestResult name=runScenario status=SUCCESS method=AbstractTestNGCucumberTests.runScenario(io.cucumber.testng.PickleWrapper,io.cucumber.testng.FeatureWrapper)[pri:0, instance:runner.testrunner@52bf72b5] output={null}]]]>
              </value>
            </param>
          </params>
          <reporter-output>
          </reporter-output>
        </test-method> <!-- takescreeenshotonfailure -->
        <test-method signature="runScenario(io.cucumber.testng.PickleWrapper,io.cucumber.testng.FeatureWrapper)[pri:0, instance:runner.testrunner@52bf72b5]" started-at="2021-11-25T17:41:36 EET" name="runScenario" description="Runs Cucumber Scenarios" data-provider="scenarios" finished-at="2021-11-25T17:41:39 EET" duration-ms="3151" status="PASS">
          <params>
            <param index="0">
              <value>
                <![CDATA["User Registration"]]>
              </value>
            </param>
            <param index="1">
              <value>
                <![CDATA["Optional[User Registration]"]]>
              </value>
            </param>
          </params>
          <reporter-output>
          </reporter-output>
        </test-method> <!-- runScenario -->
        <test-method is-config="true" signature="takescreeenshotonfailure(org.testng.ITestResult)[pri:0, instance:runner.testrunner@52bf72b5]" started-at="2021-11-25T17:41:39 EET" name="takescreeenshotonfailure" finished-at="2021-11-25T17:41:39 EET" duration-ms="1" status="PASS">
          <params>
            <param index="0">
              <value>
                <![CDATA[[TestResult name=runScenario status=SUCCESS method=AbstractTestNGCucumberTests.runScenario(io.cucumber.testng.PickleWrapper,io.cucumber.testng.FeatureWrapper)[pri:0, instance:runner.testrunner@52bf72b5] output={null}]]]>
              </value>
            </param>
          </params>
          <reporter-output>
          </reporter-output>
        </test-method> <!-- takescreeenshotonfailure -->
        <test-method is-config="true" signature="tearDownClass()[pri:0, instance:runner.testrunner@52bf72b5]" started-at="2021-11-25T17:41:39 EET" name="tearDownClass" finished-at="2021-11-25T17:41:39 EET" duration-ms="37" status="PASS">
          <reporter-output>
          </reporter-output>
        </test-method> <!-- tearDownClass -->
        <test-method is-config="true" signature="quitdriver()[pri:0, instance:runner.testrunner@52bf72b5]" started-at="2021-11-25T17:41:39 EET" name="quitdriver" finished-at="2021-11-25T17:41:39 EET" duration-ms="101" status="PASS">
          <reporter-output>
          </reporter-output>
        </test-method> <!-- quitdriver -->
      </class> <!-- runner.testrunner -->
    </test> <!-- Default test -->
  </suite> <!-- Default suite -->
</testng-results>
